<?xml version="1.0" encoding="utf-8"?><testsuites><testsuite name="pytest" errors="0" failures="0" skipped="0" tests="79" time="12.287" timestamp="2023-04-19T14:02:21.404232" hostname="Tim-Pattersons-MacBook-Pro.local"><testcase classname="company.tests.test_management_commands" name="test_import_ch_companies_streaming_bulk" time="2.153" /><testcase classname="company.tests.test_management_commands" name="test_import_ch_companies_parallel_bulk" time="0.016" /><testcase classname="company.tests.test_management_commands" name="test_import_ch_companies_delete_indices" time="0.012" /><testcase classname="company.tests.test_management_commands" name="test_import_ch_companies_pass_if_locked" time="0.005" /><testcase classname="company.tests.test_data" name="test_bad_response_raises_exception" time="0.001" /><testcase classname="company.tests.test_data" name="test_client_good_response" time="0.001" /><testcase classname="company.tests.test_data" name="test_bad_response_conn_raises_exception" time="0.002" /><testcase classname="company.tests.test_management_commands" name="test_populate_es_test_data" time="0.553" /><testcase classname="company.tests.test_serializers" name="test_company_serializer_null_address" time="0.001" /><testcase classname="company.tests.test_serializers" name="test_company_serializer_no_address" time="0.001" /><testcase classname="company.tests.test_serializers" name="test_company_serializer_no_date_of_creation" time="0.001" /><testcase classname="company.tests.test_serializers" name="test_company_serializer_empty_date_of_creation" time="0.001" /><testcase classname="company.tests.test_serializers" name="test_company_serializer_null_date_of_creation" time="0.002" /><testcase classname="company.tests.test_serializers" name="test_company_serializer_unknown_date_of_cessation" time="0.001" /><testcase classname="company.tests.test_tasks" name="test_task_import_ch_companies" time="0.001" /><testcase classname="company.tests.test_tasks" name="test_lock_acquired" time="0.001" /><testcase classname="company.tests.test_views" name="test_company_search_view_missing_querystring" time="0.070" /><testcase classname="company.tests.test_views" name="test_company_search_by_name_local_fallback[exception0]" time="0.133" /><testcase classname="company.tests.test_views" name="test_company_search_by_name_local_fallback[exception1]" time="0.128" /><testcase classname="company.tests.test_views" name="test_company_search_by_name_local_fallback[exception2]" time="0.140" /><testcase classname="company.tests.test_views" name="test_company_search_by_name_local_fallback[exception3]" time="0.134" /><testcase classname="company.tests.test_views" name="test_company_search_by_name_local_fallback[exception4]" time="0.132" /><testcase classname="company.tests.test_views" name="test_company_search_by_name_local_fallback[exception5]" time="0.137" /><testcase classname="company.tests.test_views" name="test_company_search_by_name_local_fallback[exception6]" time="0.161" /><testcase classname="company.tests.test_views" name="test_company_search_by_name_local_fallback[exception7]" time="0.164" /><testcase classname="company.tests.test_views" name="test_company_search_by_name_local_fallback[exception8]" time="0.159" /><testcase classname="company.tests.test_views" name="test_company_search_by_name" time="0.151" /><testcase classname="company.tests.test_views" name="test_company_search_by_number_local_fallback[exception0]" time="0.230" /><testcase classname="company.tests.test_views" name="test_company_search_by_number_local_fallback[exception1]" time="0.133" /><testcase classname="company.tests.test_views" name="test_company_search_by_number_local_fallback[exception2]" time="0.155" /><testcase classname="company.tests.test_views" name="test_company_search_by_number_local_fallback[exception3]" time="0.152" /><testcase classname="company.tests.test_views" name="test_company_search_by_number_local_fallback[exception4]" time="0.145" /><testcase classname="company.tests.test_views" name="test_company_search_by_number_local_fallback[exception5]" time="0.143" /><testcase classname="company.tests.test_views" name="test_company_search_by_number_local_fallback[exception6]" time="0.150" /><testcase classname="company.tests.test_views" name="test_company_search_by_number_local_fallback[exception7]" time="0.221" /><testcase classname="company.tests.test_views" name="test_company_search_by_number_local_fallback[exception8]" time="0.153" /><testcase classname="company.tests.test_views" name="test_company_search_by_number" time="0.179" /><testcase classname="company.tests.test_views" name="test_company_registered_office_address_local_fallback[exception0]" time="0.139" /><testcase classname="company.tests.test_views" name="test_company_registered_office_address_local_fallback[exception1]" time="0.135" /><testcase classname="company.tests.test_views" name="test_company_registered_office_address_local_fallback[exception2]" time="0.148" /><testcase classname="company.tests.test_views" name="test_company_registered_office_address_local_fallback[exception3]" time="0.144" /><testcase classname="company.tests.test_views" name="test_company_registered_office_address_local_fallback[exception4]" time="0.156" /><testcase classname="company.tests.test_views" name="test_company_registered_office_address_local_fallback[exception5]" time="0.141" /><testcase classname="company.tests.test_views" name="test_company_registered_office_address_local_fallback[exception6]" time="0.147" /><testcase classname="company.tests.test_views" name="test_company_registered_office_address_local_fallback[exception7]" time="0.158" /><testcase classname="company.tests.test_views" name="test_company_registered_office_address_local_fallback[exception8]" time="0.232" /><testcase classname="company.tests.test_views" name="test_company_registered_office_address" time="0.134" /><testcase classname="company.tests.test_views" name="test_company_registered_office_address_company_not_found_local_fallback[exception0]" time="0.144" /><testcase classname="company.tests.test_views" name="test_company_registered_office_address_company_not_found_local_fallback[exception1]" time="0.135" /><testcase classname="company.tests.test_views" name="test_company_registered_office_address_company_not_found_local_fallback[exception2]" time="0.145" /><testcase classname="company.tests.test_views" name="test_company_registered_office_address_company_not_found_local_fallback[exception3]" time="0.142" /><testcase classname="company.tests.test_views" name="test_company_registered_office_address_company_not_found_local_fallback[exception4]" time="0.149" /><testcase classname="company.tests.test_views" name="test_company_registered_office_address_company_not_found_local_fallback[exception5]" time="0.140" /><testcase classname="company.tests.test_views" name="test_company_registered_office_address_company_not_found_local_fallback[exception6]" time="0.144" /><testcase classname="company.tests.test_views" name="test_company_registered_office_address_company_not_found_local_fallback[exception7]" time="0.216" /><testcase classname="company.tests.test_views" name="test_company_registered_office_address_company_not_found_local_fallback[exception8]" time="0.147" /><testcase classname="company.tests.test_views" name="test_company_profile_company_not_found_local_fallback[exception0]" time="0.171" /><testcase classname="company.tests.test_views" name="test_company_profile_company_not_found_local_fallback[exception1]" time="0.135" /><testcase classname="company.tests.test_views" name="test_company_profile_company_not_found_local_fallback[exception2]" time="0.136" /><testcase classname="company.tests.test_views" name="test_company_profile_company_not_found_local_fallback[exception3]" time="0.133" /><testcase classname="company.tests.test_views" name="test_company_profile_company_not_found_local_fallback[exception4]" time="0.140" /><testcase classname="company.tests.test_views" name="test_company_profile_company_not_found_local_fallback[exception5]" time="0.142" /><testcase classname="company.tests.test_views" name="test_company_profile_company_not_found_local_fallback[exception6]" time="0.177" /><testcase classname="company.tests.test_views" name="test_company_profile_company_not_found_local_fallback[exception7]" time="0.186" /><testcase classname="company.tests.test_views" name="test_company_profile_company_not_found_local_fallback[exception8]" time="0.123" /><testcase classname="company.tests.test_views" name="test_company_profile_local_fallback[exception0]" time="0.130" /><testcase classname="company.tests.test_views" name="test_company_profile_local_fallback[exception1]" time="0.129" /><testcase classname="company.tests.test_views" name="test_company_profile_local_fallback[exception2]" time="0.127" /><testcase classname="company.tests.test_views" name="test_company_profile_local_fallback[exception3]" time="0.138" /><testcase classname="company.tests.test_views" name="test_company_profile_local_fallback[exception4]" time="0.134" /><testcase classname="company.tests.test_views" name="test_company_profile_local_fallback[exception5]" time="0.140" /><testcase classname="company.tests.test_views" name="test_company_profile_local_fallback[exception6]" time="0.146" /><testcase classname="company.tests.test_views" name="test_company_profile_local_fallback[exception7]" time="0.194" /><testcase classname="company.tests.test_views" name="test_company_profile_local_fallback[exception8]" time="0.134" /><testcase classname="company.tests.test_views" name="test_company_profile_retrieve" time="0.117" /><testcase classname="company.tests.test_views" name="test_list_officers" time="0.119" /><testcase classname="company.tests.test_views" name="test_list_officers_not_found" time="0.122" /><testcase classname="healthcheck.tests.test_backends" name="test_elasticsearch_ping_error" time="0.002" /><testcase classname="healthcheck.tests.test_backends" name="test_elasticsearch_ping_ok" time="0.280" /></testsuite></testsuites>